app/build/intermediates/manifest_merge_blame_file/debug/processDebugMainManifest/manifest-merger-blame-debug-report.txt
1<?xml version="1.0" encoding="utf-8"?>
2<manifest xmlns:android="http://schemas.android.com/apk/res/android"
3    package="com.dlawoals2713.yamaha"
4    android:versionCode="1"
5    android:versionName="1.8" >
6
7    <uses-sdk
8        android:minSdkVersion="23"
9        android:targetSdkVersion="34" />
10
11    <uses-permission android:name="android.permission.MODIFY_AUDIO_SETTINGS" />
11-->src\main\AndroidManifest.xml:6:2-77
11-->src\main\AndroidManifest.xml:6:19-74
12    <uses-permission android:name="android.permission.RECORD_AUDIO" />
12-->src\main\AndroidManifest.xml:7:2-68
12-->src\main\AndroidManifest.xml:7:19-65
13    <uses-permission android:name="android.permission.READ_EXTERNAL_STORAGE" />
13-->src\main\AndroidManifest.xml:8:2-77
13-->src\main\AndroidManifest.xml:8:19-74
14    <uses-permission android:name="android.permission.WRITE_EXTERNAL_STORAGE" />
14-->src\main\AndroidManifest.xml:9:2-78
14-->src\main\AndroidManifest.xml:9:19-75
15    <uses-permission android:name="android.permission.MANAGE_EXTERNAL_STORAGE" />
15-->src\main\AndroidManifest.xml:10:2-11:40
15-->src\main\AndroidManifest.xml:10:19-76
16
17    <permission
17-->[sesl.androidx.core:core:1.16.0+1.0.16-sesl7+rev2] AndroidManifest.xml:22:5-24:47
18        android:name="com.dlawoals2713.yamaha.DYNAMIC_RECEIVER_NOT_EXPORTED_PERMISSION"
18-->[sesl.androidx.core:core:1.16.0+1.0.16-sesl7+rev2] AndroidManifest.xml:23:9-81
19        android:protectionLevel="signature" />
19-->[sesl.androidx.core:core:1.16.0+1.0.16-sesl7+rev2] AndroidManifest.xml:24:9-44
20
21    <uses-permission android:name="com.dlawoals2713.yamaha.DYNAMIC_RECEIVER_NOT_EXPORTED_PERMISSION" />
21-->[sesl.androidx.core:core:1.16.0+1.0.16-sesl7+rev2] AndroidManifest.xml:26:5-97
21-->[sesl.androidx.core:core:1.16.0+1.0.16-sesl7+rev2] AndroidManifest.xml:26:22-94
22
23    <application
23-->src\main\AndroidManifest.xml:12:2-63:16
24        android:name="com.dlawoals2713.yamaha.dlawoals2713App"
24-->src\main\AndroidManifest.xml:16:3-34
25        android:allowBackup="true"
25-->src\main\AndroidManifest.xml:13:3-29
26        android:appComponentFactory="androidx.core.app.CoreComponentFactory"
26-->[sesl.androidx.core:core:1.16.0+1.0.16-sesl7+rev2] AndroidManifest.xml:28:18-86
27        android:debuggable="true"
28        android:enableOnBackInvokedCallback="true"
28-->src\main\AndroidManifest.xml:20:3-45
29        android:extractNativeLibs="false"
30        android:icon="@mipmap/ic_launcher"
30-->src\main\AndroidManifest.xml:14:3-37
31        android:label="@string/app_name"
31-->src\main\AndroidManifest.xml:15:3-35
32        android:requestLegacyExternalStorage="true"
32-->src\main\AndroidManifest.xml:17:3-46
33        android:supportsRtl="true"
33-->[io.github.tribalfs:oneui-design:0.7.12+oneui7] AndroidManifest.xml:22:18-44
34        android:testOnly="true"
35        android:theme="@style/OneUITheme"
35-->src\main\AndroidManifest.xml:19:3-36
36        android:usesCleartextTraffic="true" >
36-->src\main\AndroidManifest.xml:18:3-38
37        <meta-data
37-->src\main\AndroidManifest.xml:21:3-23:28
38            android:name="SamsungBasicInteraction"
38-->src\main\AndroidManifest.xml:22:4-42
39            android:value="SEP10" />
39-->src\main\AndroidManifest.xml:23:4-25
40        <meta-data
40-->src\main\AndroidManifest.xml:24:3-26:40
41            android:name="theming-meta"
41-->src\main\AndroidManifest.xml:25:4-31
42            android:value="meta_998_sesl_app" />
42-->src\main\AndroidManifest.xml:26:4-37
43
44        <activity
44-->src\main\AndroidManifest.xml:27:3-30:41
45            android:name="com.dlawoals2713.yamaha.SettingActivity"
45-->src\main\AndroidManifest.xml:28:4-35
46            android:configChanges="orientation|screenSize|keyboardHidden|smallestScreenSize|screenLayout"
46-->src\main\AndroidManifest.xml:29:4-97
47            android:hardwareAccelerated="true" />
47-->src\main\AndroidManifest.xml:30:4-38
48        <activity
48-->src\main\AndroidManifest.xml:31:3-52:14
49            android:name="com.dlawoals2713.yamaha.MMFPlayerActivity"
49-->src\main\AndroidManifest.xml:32:4-37
50            android:configChanges="orientation|screenSize"
50-->src\main\AndroidManifest.xml:33:4-50
51            android:exported="true" >
51-->src\main\AndroidManifest.xml:34:4-27
52            <intent-filter>
52-->src\main\AndroidManifest.xml:35:4-38:20
53                <action android:name="android.intent.action.MAIN" />
53-->src\main\AndroidManifest.xml:36:5-57
53-->src\main\AndroidManifest.xml:36:13-54
54
55                <category android:name="android.intent.category.LAUNCHER" />
55-->src\main\AndroidManifest.xml:37:5-65
55-->src\main\AndroidManifest.xml:37:15-62
56            </intent-filter>
57            <intent-filter>
57-->src\main\AndroidManifest.xml:39:4-51:20
58                <action android:name="android.intent.action.VIEW" />
58-->src\main\AndroidManifest.xml:40:5-57
58-->src\main\AndroidManifest.xml:40:13-54
59
60                <category android:name="android.intent.category.DEFAULT" />
60-->src\main\AndroidManifest.xml:41:5-63
60-->src\main\AndroidManifest.xml:41:15-61
61                <category android:name="android.intent.category.BROWSABLE" />
61-->src\main\AndroidManifest.xml:42:5-65
61-->src\main\AndroidManifest.xml:42:15-63
62
63                <!-- MIME 타입 필터 -->
64                <data
64-->src\main\AndroidManifest.xml:45:5-46:39
65                    android:mimeType="application/vnd.smaf"
65-->src\main\AndroidManifest.xml:45:36-75
66                    android:scheme="content" />
66-->src\main\AndroidManifest.xml:45:11-35
67                <data
67-->src\main\AndroidManifest.xml:45:5-46:39
68                    android:mimeType="application/vnd.smaf"
68-->src\main\AndroidManifest.xml:45:36-75
69                    android:scheme="file" />
69-->src\main\AndroidManifest.xml:45:11-35
70
71                <!-- 파일 확장자 필터 -->
72                <data android:pathPattern=".*\\.mmf" />
72-->src\main\AndroidManifest.xml:45:5-46:39
72-->src\main\AndroidManifest.xml:50:11-41
73            </intent-filter>
74        </activity>
75
76        <uses-library
76-->src\main\AndroidManifest.xml:53:3-55:31
77            android:name="org.apache.http.legacy"
77-->src\main\AndroidManifest.xml:54:4-41
78            android:required="false" />
78-->src\main\AndroidManifest.xml:55:4-28
79
80        <receiver
80-->src\main\AndroidManifest.xml:56:3-62:14
81            android:name="androidx.media.session.MediaButtonReceiver"
81-->src\main\AndroidManifest.xml:57:4-61
82            android:exported="false" >
82-->src\main\AndroidManifest.xml:58:13-37
83            <intent-filter>
83-->src\main\AndroidManifest.xml:59:4-61:20
84                <action android:name="android.intent.action.MEDIA_BUTTON" />
84-->src\main\AndroidManifest.xml:60:5-65
84-->src\main\AndroidManifest.xml:60:13-62
85            </intent-filter>
86        </receiver>
87
88        <provider
88-->[androidx.emoji2:emoji2:1.3.0] AndroidManifest.xml:24:9-32:20
89            android:name="androidx.startup.InitializationProvider"
89-->[androidx.emoji2:emoji2:1.3.0] AndroidManifest.xml:25:13-67
90            android:authorities="com.dlawoals2713.yamaha.androidx-startup"
90-->[androidx.emoji2:emoji2:1.3.0] AndroidManifest.xml:26:13-68
91            android:exported="false" >
91-->[androidx.emoji2:emoji2:1.3.0] AndroidManifest.xml:27:13-37
92            <meta-data
92-->[androidx.emoji2:emoji2:1.3.0] AndroidManifest.xml:29:13-31:52
93                android:name="androidx.emoji2.text.EmojiCompatInitializer"
93-->[androidx.emoji2:emoji2:1.3.0] AndroidManifest.xml:30:17-75
94                android:value="androidx.startup" />
94-->[androidx.emoji2:emoji2:1.3.0] AndroidManifest.xml:31:17-49
95            <meta-data
95-->[androidx.lifecycle:lifecycle-process:2.9.0] AndroidManifest.xml:29:13-31:52
96                android:name="androidx.lifecycle.ProcessLifecycleInitializer"
96-->[androidx.lifecycle:lifecycle-process:2.9.0] AndroidManifest.xml:30:17-78
97                android:value="androidx.startup" />
97-->[androidx.lifecycle:lifecycle-process:2.9.0] AndroidManifest.xml:31:17-49
98            <meta-data
98-->[androidx.profileinstaller:profileinstaller:1.4.0] AndroidManifest.xml:29:13-31:52
99                android:name="androidx.profileinstaller.ProfileInstallerInitializer"
99-->[androidx.profileinstaller:profileinstaller:1.4.0] AndroidManifest.xml:30:17-85
100                android:value="androidx.startup" />
100-->[androidx.profileinstaller:profileinstaller:1.4.0] AndroidManifest.xml:31:17-49
101        </provider>
102
103        <receiver
103-->[androidx.profileinstaller:profileinstaller:1.4.0] AndroidManifest.xml:34:9-52:20
104            android:name="androidx.profileinstaller.ProfileInstallReceiver"
104-->[androidx.profileinstaller:profileinstaller:1.4.0] AndroidManifest.xml:35:13-76
105            android:directBootAware="false"
105-->[androidx.profileinstaller:profileinstaller:1.4.0] AndroidManifest.xml:36:13-44
106            android:enabled="true"
106-->[androidx.profileinstaller:profileinstaller:1.4.0] AndroidManifest.xml:37:13-35
107            android:exported="true"
107-->[androidx.profileinstaller:profileinstaller:1.4.0] AndroidManifest.xml:38:13-36
108            android:permission="android.permission.DUMP" >
108-->[androidx.profileinstaller:profileinstaller:1.4.0] AndroidManifest.xml:39:13-57
109            <intent-filter>
109-->[androidx.profileinstaller:profileinstaller:1.4.0] AndroidManifest.xml:40:13-42:29
110                <action android:name="androidx.profileinstaller.action.INSTALL_PROFILE" />
110-->[androidx.profileinstaller:profileinstaller:1.4.0] AndroidManifest.xml:41:17-91
110-->[androidx.profileinstaller:profileinstaller:1.4.0] AndroidManifest.xml:41:25-88
111            </intent-filter>
112            <intent-filter>
112-->[androidx.profileinstaller:profileinstaller:1.4.0] AndroidManifest.xml:43:13-45:29
113                <action android:name="androidx.profileinstaller.action.SKIP_FILE" />
113-->[androidx.profileinstaller:profileinstaller:1.4.0] AndroidManifest.xml:44:17-85
113-->[androidx.profileinstaller:profileinstaller:1.4.0] AndroidManifest.xml:44:25-82
114            </intent-filter>
115            <intent-filter>
115-->[androidx.profileinstaller:profileinstaller:1.4.0] AndroidManifest.xml:46:13-48:29
116                <action android:name="androidx.profileinstaller.action.SAVE_PROFILE" />
116-->[androidx.profileinstaller:profileinstaller:1.4.0] AndroidManifest.xml:47:17-88
116-->[androidx.profileinstaller:profileinstaller:1.4.0] AndroidManifest.xml:47:25-85
117            </intent-filter>
118            <intent-filter>
118-->[androidx.profileinstaller:profileinstaller:1.4.0] AndroidManifest.xml:49:13-51:29
119                <action android:name="androidx.profileinstaller.action.BENCHMARK_OPERATION" />
119-->[androidx.profileinstaller:profileinstaller:1.4.0] AndroidManifest.xml:50:17-95
119-->[androidx.profileinstaller:profileinstaller:1.4.0] AndroidManifest.xml:50:25-92
120            </intent-filter>
121        </receiver>
122
123        <uses-library
123-->[androidx.window:window:1.2.0] AndroidManifest.xml:23:9-25:40
124            android:name="androidx.window.extensions"
124-->[androidx.window:window:1.2.0] AndroidManifest.xml:24:13-54
125            android:required="false" />
125-->[androidx.window:window:1.2.0] AndroidManifest.xml:25:13-37
126        <uses-library
126-->[androidx.window:window:1.2.0] AndroidManifest.xml:26:9-28:40
127            android:name="androidx.window.sidecar"
127-->[androidx.window:window:1.2.0] AndroidManifest.xml:27:13-51
128            android:required="false" />
128-->[androidx.window:window:1.2.0] AndroidManifest.xml:28:13-37
129    </application>
130
131</manifest>